<?xml version="1.0" encoding="UTF-8"?>
<robot generator="Robot 6.0.2 (Python 3.10.6 on linux)" generated="20230412 19:07:23.840" rpa="false" schemaversion="3">
<suite id="s1" name="Robot-Cip" source="/home/saad/PycharmProjects/robot-cip">
<suite id="s1-s1" name="TestCases" source="/home/saad/PycharmProjects/robot-cip/TestCases">
<suite id="s1-s1-s1" name="Swag" source="/home/saad/PycharmProjects/robot-cip/TestCases/swag.robot">
<test id="s1-s1-s1-t1" name="Sort Products by name (Descending Order)" line="62">
<kw name="Login" library="swag_login_resource" type="SETUP">
<arg>${swag_user}</arg>
<arg>${swag_password}</arg>
<kw name="Open My Browser" library="swag_login_resource">
<kw name="Open Browser" library="SeleniumLibrary">
<arg>${URL_sauce}</arg>
<arg>${browser}</arg>
<doc>Opens a new browser instance to the optional ``url``.</doc>
<msg timestamp="20230412 19:07:23.960" level="INFO">Opening browser 'chrome' to base url 'https://www.saucedemo.com/'.</msg>
<status status="PASS" starttime="20230412 19:07:23.959" endtime="20230412 19:07:25.800"/>
</kw>
<kw name="Maximize Browser Window" library="SeleniumLibrary">
<doc>Maximizes current browser window.</doc>
<status status="PASS" starttime="20230412 19:07:25.800" endtime="20230412 19:07:25.907"/>
</kw>
<status status="PASS" starttime="20230412 19:07:23.959" endtime="20230412 19:07:25.907"/>
</kw>
<kw name="Input Text" library="SeleniumLibrary">
<arg>${username}</arg>
<arg>${swag_user}</arg>
<doc>Types the given ``text`` into the text field identified by ``locator``.</doc>
<msg timestamp="20230412 19:07:25.908" level="INFO">Typing text 'standard_user' into text field 'id:user-name'.</msg>
<status status="PASS" starttime="20230412 19:07:25.907" endtime="20230412 19:07:25.987"/>
</kw>
<kw name="Input Text" library="SeleniumLibrary">
<arg>${password}</arg>
<arg>${swag_password}</arg>
<doc>Types the given ``text`` into the text field identified by ``locator``.</doc>
<msg timestamp="20230412 19:07:25.988" level="INFO">Typing text 'secret_sauce' into text field 'id:password'.</msg>
<status status="PASS" starttime="20230412 19:07:25.988" endtime="20230412 19:07:26.049"/>
</kw>
<kw name="Click Element" library="SeleniumLibrary">
<arg>${login_btn}</arg>
<doc>Click the element identified by ``locator``.</doc>
<msg timestamp="20230412 19:07:26.050" level="INFO">Clicking element 'id:login-button'.</msg>
<status status="PASS" starttime="20230412 19:07:26.049" endtime="20230412 19:07:26.100"/>
</kw>
<kw name="Wait Until Page Contains" library="SeleniumLibrary">
<arg>Swag Labs</arg>
<doc>Waits until ``text`` appears on the current page.</doc>
<status status="PASS" starttime="20230412 19:07:26.100" endtime="20230412 19:07:26.108"/>
</kw>
<status status="PASS" starttime="20230412 19:07:23.959" endtime="20230412 19:07:26.109"/>
</kw>
<kw name="Sort Products by Price or Name (Ascending/Descending)" library="swag_login_resource">
<arg>${name_sort_desc}</arg>
<kw name="Click Element" library="SeleniumLibrary">
<arg>${sort_container}</arg>
<doc>Click the element identified by ``locator``.</doc>
<msg timestamp="20230412 19:07:26.109" level="INFO">Clicking element 'xpath://*[@class='product_sort_container']'.</msg>
<status status="PASS" starttime="20230412 19:07:26.109" endtime="20230412 19:07:26.140"/>
</kw>
<kw name="Click Element" library="SeleniumLibrary">
<arg>${sorter}</arg>
<doc>Click the element identified by ``locator``.</doc>
<msg timestamp="20230412 19:07:26.141" level="INFO">Clicking element 'xpath://select[@class='product_sort_container']/option[@value='za']'.</msg>
<status status="PASS" starttime="20230412 19:07:26.140" endtime="20230412 19:07:26.167"/>
</kw>
<kw name="Set Variable" library="BuiltIn">
<var>${last_product_price}</var>
<arg>${EMPTY}</arg>
<doc>Returns the given values which can then be assigned to a variables.</doc>
<msg timestamp="20230412 19:07:26.168" level="INFO">${last_product_price} = </msg>
<status status="PASS" starttime="20230412 19:07:26.167" endtime="20230412 19:07:26.168"/>
</kw>
<kw name="Set Variable" library="BuiltIn">
<var>${last_product}</var>
<arg>${EMPTY}</arg>
<doc>Returns the given values which can then be assigned to a variables.</doc>
<msg timestamp="20230412 19:07:26.169" level="INFO">${last_product} = </msg>
<status status="PASS" starttime="20230412 19:07:26.168" endtime="20230412 19:07:26.169"/>
</kw>
<if>
<branch type="IF" condition="&quot;${sorter}&quot; == &quot;${name_sort_desc}&quot;">
<kw name="Get WebElements" library="SeleniumLibrary">
<var>@{product_elements}</var>
<arg>${prod_names}</arg>
<doc>Returns a list of WebElement objects matching the ``locator``.</doc>
<msg timestamp="20230412 19:07:26.176" level="INFO">@{product_elements} = [ &lt;selenium.webdriver.remote.webelement.WebElement (session="133a95c8dd0ac49625fcefdb19789954", element="ed5da008-8250-463f-b3be-db3a1e954867")&gt; | &lt;selenium.webdriver.remote.webelement.WebElement (ses...</msg>
<status status="PASS" starttime="20230412 19:07:26.169" endtime="20230412 19:07:26.176"/>
</kw>
<kw name="Create List" library="BuiltIn">
<var>@{product_labels}</var>
<doc>Returns a list containing given items.</doc>
<msg timestamp="20230412 19:07:26.177" level="INFO">@{product_labels} = [ ]</msg>
<status status="PASS" starttime="20230412 19:07:26.177" endtime="20230412 19:07:26.177"/>
</kw>
<for flavor="IN">
<var>${product}</var>
<value>@{product_elements}</value>
<iter>
<var name="${product}">&lt;selenium.webdriver.remote.webelement.WebElement (session="133a95c8dd0ac49625fcefdb19789954", element="ed5da008-8250-463f-b3be-db3a1e954867")&gt;</var>
<kw name="Get Text" library="SeleniumLibrary">
<var>${product_name}</var>
<arg>${product}</arg>
<doc>Returns the text value of the element identified by ``locator``.</doc>
<msg timestamp="20230412 19:07:26.185" level="INFO">${product_name} = Test.allTheThings() T-Shirt (Red)</msg>
<status status="PASS" starttime="20230412 19:07:26.177" endtime="20230412 19:07:26.185"/>
</kw>
<kw name="Append To List" library="Collections">
<arg>${product_labels}</arg>
<arg>${product_name}</arg>
<doc>Adds ``values`` to the end of ``list``.</doc>
<status status="PASS" starttime="20230412 19:07:26.186" endtime="20230412 19:07:26.186"/>
</kw>
<kw name="Set Global Variable" library="BuiltIn">
<arg>${last_product}</arg>
<doc>Makes a variable available globally in all tests and suites.</doc>
<msg timestamp="20230412 19:07:26.186" level="INFO">${last_product} = </msg>
<status status="PASS" starttime="20230412 19:07:26.186" endtime="20230412 19:07:26.186"/>
</kw>
<kw name="Run Keyword If" library="BuiltIn">
<var>${last_product}</var>
<arg>'${product}' == '${product_elements[-1]}'</arg>
<arg>Set Variable</arg>
<arg>${product_name}</arg>
<doc>Runs the given keyword with the given arguments, if ``condition`` is true.</doc>
<msg timestamp="20230412 19:07:26.187" level="INFO">${last_product} = None</msg>
<status status="PASS" starttime="20230412 19:07:26.186" endtime="20230412 19:07:26.187"/>
</kw>
<status status="PASS" starttime="20230412 19:07:26.177" endtime="20230412 19:07:26.187"/>
</iter>
<iter>
<var name="${product}">&lt;selenium.webdriver.remote.webelement.WebElement (session="133a95c8dd0ac49625fcefdb19789954", element="4152e325-cafa-4075-918d-3523d983612d")&gt;</var>
<kw name="Get Text" library="SeleniumLibrary">
<var>${product_name}</var>
<arg>${product}</arg>
<doc>Returns the text value of the element identified by ``locator``.</doc>
<msg timestamp="20230412 19:07:26.195" level="INFO">${product_name} = Sauce Labs Onesie</msg>
<status status="PASS" starttime="20230412 19:07:26.187" endtime="20230412 19:07:26.195"/>
</kw>
<kw name="Append To List" library="Collections">
<arg>${product_labels}</arg>
<arg>${product_name}</arg>
<doc>Adds ``values`` to the end of ``list``.</doc>
<status status="PASS" starttime="20230412 19:07:26.195" endtime="20230412 19:07:26.196"/>
</kw>
<kw name="Set Global Variable" library="BuiltIn">
<arg>${last_product}</arg>
<doc>Makes a variable available globally in all tests and suites.</doc>
<msg timestamp="20230412 19:07:26.196" level="INFO">${last_product} = None</msg>
<status status="PASS" starttime="20230412 19:07:26.196" endtime="20230412 19:07:26.196"/>
</kw>
<kw name="Run Keyword If" library="BuiltIn">
<var>${last_product}</var>
<arg>'${product}' == '${product_elements[-1]}'</arg>
<arg>Set Variable</arg>
<arg>${product_name}</arg>
<doc>Runs the given keyword with the given arguments, if ``condition`` is true.</doc>
<msg timestamp="20230412 19:07:26.197" level="INFO">${last_product} = None</msg>
<status status="PASS" starttime="20230412 19:07:26.196" endtime="20230412 19:07:26.197"/>
</kw>
<status status="PASS" starttime="20230412 19:07:26.187" endtime="20230412 19:07:26.197"/>
</iter>
<iter>
<var name="${product}">&lt;selenium.webdriver.remote.webelement.WebElement (session="133a95c8dd0ac49625fcefdb19789954", element="44e2a227-fe99-430f-9b91-74ef0ac2cab0")&gt;</var>
<kw name="Get Text" library="SeleniumLibrary">
<var>${product_name}</var>
<arg>${product}</arg>
<doc>Returns the text value of the element identified by ``locator``.</doc>
<msg timestamp="20230412 19:07:26.209" level="INFO">${product_name} = Sauce Labs Fleece Jacket</msg>
<status status="PASS" starttime="20230412 19:07:26.197" endtime="20230412 19:07:26.209"/>
</kw>
<kw name="Append To List" library="Collections">
<arg>${product_labels}</arg>
<arg>${product_name}</arg>
<doc>Adds ``values`` to the end of ``list``.</doc>
<status status="PASS" starttime="20230412 19:07:26.209" endtime="20230412 19:07:26.209"/>
</kw>
<kw name="Set Global Variable" library="BuiltIn">
<arg>${last_product}</arg>
<doc>Makes a variable available globally in all tests and suites.</doc>
<msg timestamp="20230412 19:07:26.209" level="INFO">${last_product} = None</msg>
<status status="PASS" starttime="20230412 19:07:26.209" endtime="20230412 19:07:26.209"/>
</kw>
<kw name="Run Keyword If" library="BuiltIn">
<var>${last_product}</var>
<arg>'${product}' == '${product_elements[-1]}'</arg>
<arg>Set Variable</arg>
<arg>${product_name}</arg>
<doc>Runs the given keyword with the given arguments, if ``condition`` is true.</doc>
<msg timestamp="20230412 19:07:26.210" level="INFO">${last_product} = None</msg>
<status status="PASS" starttime="20230412 19:07:26.209" endtime="20230412 19:07:26.210"/>
</kw>
<status status="PASS" starttime="20230412 19:07:26.197" endtime="20230412 19:07:26.210"/>
</iter>
<iter>
<var name="${product}">&lt;selenium.webdriver.remote.webelement.WebElement (session="133a95c8dd0ac49625fcefdb19789954", element="c05a0a38-7355-4f83-8ed3-fcf648f9c4b8")&gt;</var>
<kw name="Get Text" library="SeleniumLibrary">
<var>${product_name}</var>
<arg>${product}</arg>
<doc>Returns the text value of the element identified by ``locator``.</doc>
<msg timestamp="20230412 19:07:26.218" level="INFO">${product_name} = Sauce Labs Bolt T-Shirt</msg>
<status status="PASS" starttime="20230412 19:07:26.210" endtime="20230412 19:07:26.218"/>
</kw>
<kw name="Append To List" library="Collections">
<arg>${product_labels}</arg>
<arg>${product_name}</arg>
<doc>Adds ``values`` to the end of ``list``.</doc>
<status status="PASS" starttime="20230412 19:07:26.218" endtime="20230412 19:07:26.218"/>
</kw>
<kw name="Set Global Variable" library="BuiltIn">
<arg>${last_product}</arg>
<doc>Makes a variable available globally in all tests and suites.</doc>
<msg timestamp="20230412 19:07:26.219" level="INFO">${last_product} = None</msg>
<status status="PASS" starttime="20230412 19:07:26.219" endtime="20230412 19:07:26.219"/>
</kw>
<kw name="Run Keyword If" library="BuiltIn">
<var>${last_product}</var>
<arg>'${product}' == '${product_elements[-1]}'</arg>
<arg>Set Variable</arg>
<arg>${product_name}</arg>
<doc>Runs the given keyword with the given arguments, if ``condition`` is true.</doc>
<msg timestamp="20230412 19:07:26.219" level="INFO">${last_product} = None</msg>
<status status="PASS" starttime="20230412 19:07:26.219" endtime="20230412 19:07:26.219"/>
</kw>
<status status="PASS" starttime="20230412 19:07:26.210" endtime="20230412 19:07:26.219"/>
</iter>
<iter>
<var name="${product}">&lt;selenium.webdriver.remote.webelement.WebElement (session="133a95c8dd0ac49625fcefdb19789954", element="d2aa59d1-b5b3-40ad-bf0b-cbcfc5bd3b87")&gt;</var>
<kw name="Get Text" library="SeleniumLibrary">
<var>${product_name}</var>
<arg>${product}</arg>
<doc>Returns the text value of the element identified by ``locator``.</doc>
<msg timestamp="20230412 19:07:26.227" level="INFO">${product_name} = Sauce Labs Bike Light</msg>
<status status="PASS" starttime="20230412 19:07:26.220" endtime="20230412 19:07:26.227"/>
</kw>
<kw name="Append To List" library="Collections">
<arg>${product_labels}</arg>
<arg>${product_name}</arg>
<doc>Adds ``values`` to the end of ``list``.</doc>
<status status="PASS" starttime="20230412 19:07:26.227" endtime="20230412 19:07:26.227"/>
</kw>
<kw name="Set Global Variable" library="BuiltIn">
<arg>${last_product}</arg>
<doc>Makes a variable available globally in all tests and suites.</doc>
<msg timestamp="20230412 19:07:26.228" level="INFO">${last_product} = None</msg>
<status status="PASS" starttime="20230412 19:07:26.228" endtime="20230412 19:07:26.228"/>
</kw>
<kw name="Run Keyword If" library="BuiltIn">
<var>${last_product}</var>
<arg>'${product}' == '${product_elements[-1]}'</arg>
<arg>Set Variable</arg>
<arg>${product_name}</arg>
<doc>Runs the given keyword with the given arguments, if ``condition`` is true.</doc>
<msg timestamp="20230412 19:07:26.228" level="INFO">${last_product} = None</msg>
<status status="PASS" starttime="20230412 19:07:26.228" endtime="20230412 19:07:26.228"/>
</kw>
<status status="PASS" starttime="20230412 19:07:26.220" endtime="20230412 19:07:26.228"/>
</iter>
<iter>
<var name="${product}">&lt;selenium.webdriver.remote.webelement.WebElement (session="133a95c8dd0ac49625fcefdb19789954", element="b64e0e5e-1b94-4112-aa17-6b75fdd2f519")&gt;</var>
<kw name="Get Text" library="SeleniumLibrary">
<var>${product_name}</var>
<arg>${product}</arg>
<doc>Returns the text value of the element identified by ``locator``.</doc>
<msg timestamp="20230412 19:07:26.237" level="INFO">${product_name} = Sauce Labs Backpack</msg>
<status status="PASS" starttime="20230412 19:07:26.229" endtime="20230412 19:07:26.237"/>
</kw>
<kw name="Append To List" library="Collections">
<arg>${product_labels}</arg>
<arg>${product_name}</arg>
<doc>Adds ``values`` to the end of ``list``.</doc>
<status status="PASS" starttime="20230412 19:07:26.237" endtime="20230412 19:07:26.237"/>
</kw>
<kw name="Set Global Variable" library="BuiltIn">
<arg>${last_product}</arg>
<doc>Makes a variable available globally in all tests and suites.</doc>
<msg timestamp="20230412 19:07:26.238" level="INFO">${last_product} = None</msg>
<status status="PASS" starttime="20230412 19:07:26.237" endtime="20230412 19:07:26.238"/>
</kw>
<kw name="Run Keyword If" library="BuiltIn">
<var>${last_product}</var>
<arg>'${product}' == '${product_elements[-1]}'</arg>
<arg>Set Variable</arg>
<arg>${product_name}</arg>
<doc>Runs the given keyword with the given arguments, if ``condition`` is true.</doc>
<kw name="Set Variable" library="BuiltIn">
<arg>${product_name}</arg>
<doc>Returns the given values which can then be assigned to a variables.</doc>
<status status="PASS" starttime="20230412 19:07:26.239" endtime="20230412 19:07:26.239"/>
</kw>
<msg timestamp="20230412 19:07:26.239" level="INFO">${last_product} = Sauce Labs Backpack</msg>
<status status="PASS" starttime="20230412 19:07:26.238" endtime="20230412 19:07:26.239"/>
</kw>
<status status="PASS" starttime="20230412 19:07:26.228" endtime="20230412 19:07:26.239"/>
</iter>
<status status="PASS" starttime="20230412 19:07:26.177" endtime="20230412 19:07:26.239"/>
</for>
<kw name="Log To Console" library="BuiltIn">
<arg>${last_product}</arg>
<doc>Logs the given message to the console.</doc>
<status status="PASS" starttime="20230412 19:07:26.239" endtime="20230412 19:07:26.239"/>
</kw>
<kw name="Log To Console" library="BuiltIn">
<arg>${product_labels}</arg>
<doc>Logs the given message to the console.</doc>
<status status="PASS" starttime="20230412 19:07:26.239" endtime="20230412 19:07:26.239"/>
</kw>
<status status="PASS" starttime="20230412 19:07:26.169" endtime="20230412 19:07:26.239"/>
</branch>
<branch type="ELSE">
<kw name="Get WebElements" library="SeleniumLibrary">
<var>@{product_elements}</var>
<arg>${prod_prices}</arg>
<doc>Returns a list of WebElement objects matching the ``locator``.</doc>
<status status="NOT RUN" starttime="20230412 19:07:26.239" endtime="20230412 19:07:26.240"/>
</kw>
<kw name="Create List" library="BuiltIn">
<var>@{product_prices}</var>
<doc>Returns a list containing given items.</doc>
<status status="NOT RUN" starttime="20230412 19:07:26.240" endtime="20230412 19:07:26.240"/>
</kw>
<for flavor="IN">
<var>${product}</var>
<value>@{product_elements}</value>
<iter>
<var name="${product}"/>
<kw name="Get Text" library="SeleniumLibrary">
<var>${product_price}</var>
<arg>${product}</arg>
<doc>Returns the text value of the element identified by ``locator``.</doc>
<status status="NOT RUN" starttime="20230412 19:07:26.240" endtime="20230412 19:07:26.240"/>
</kw>
<kw name="Append To List" library="Collections">
<arg>${product_prices}</arg>
<arg>${product_price}</arg>
<doc>Adds ``values`` to the end of ``list``.</doc>
<status status="NOT RUN" starttime="20230412 19:07:26.240" endtime="20230412 19:07:26.240"/>
</kw>
<kw name="Set Global Variable" library="BuiltIn">
<arg>${last_product_price}</arg>
<doc>Makes a variable available globally in all tests and suites.</doc>
<status status="NOT RUN" starttime="20230412 19:07:26.240" endtime="20230412 19:07:26.240"/>
</kw>
<kw name="Run Keyword If" library="BuiltIn">
<var>${last_product_price}</var>
<arg>'${product}' == '${product_elements[-1]}'</arg>
<arg>Set Variable</arg>
<arg>${product_price}</arg>
<doc>Runs the given keyword with the given arguments, if ``condition`` is true.</doc>
<status status="NOT RUN" starttime="20230412 19:07:26.240" endtime="20230412 19:07:26.240"/>
</kw>
<status status="NOT RUN" starttime="20230412 19:07:26.240" endtime="20230412 19:07:26.240"/>
</iter>
<status status="NOT RUN" starttime="20230412 19:07:26.240" endtime="20230412 19:07:26.240"/>
</for>
<kw name="Log To Console" library="BuiltIn">
<arg>${last_product_price}</arg>
<doc>Logs the given message to the console.</doc>
<status status="NOT RUN" starttime="20230412 19:07:26.240" endtime="20230412 19:07:26.240"/>
</kw>
<kw name="Log To Console" library="BuiltIn">
<arg>${product_prices}</arg>
<doc>Logs the given message to the console.</doc>
<status status="NOT RUN" starttime="20230412 19:07:26.240" endtime="20230412 19:07:26.240"/>
</kw>
<status status="NOT RUN" starttime="20230412 19:07:26.239" endtime="20230412 19:07:26.240"/>
</branch>
<status status="PASS" starttime="20230412 19:07:26.169" endtime="20230412 19:07:26.240"/>
</if>
<status status="PASS" starttime="20230412 19:07:26.109" endtime="20230412 19:07:26.240"/>
</kw>
<kw name="Should Be True" library="BuiltIn">
<arg>'${last_product}' != '${EMPTY}'</arg>
<doc>Fails if the given condition is not true.</doc>
<status status="PASS" starttime="20230412 19:07:26.241" endtime="20230412 19:07:26.241"/>
</kw>
<kw name="Logout" library="swag_login_resource" type="TEARDOWN">
<kw name="Click Button" library="SeleniumLibrary">
<arg>${side_bar_open}</arg>
<doc>Clicks the button identified by ``locator``.</doc>
<msg timestamp="20230412 19:07:26.242" level="INFO">Clicking button 'id:react-burger-menu-btn'.</msg>
<status status="PASS" starttime="20230412 19:07:26.241" endtime="20230412 19:07:26.279"/>
</kw>
<kw name="Wait Until Element Is Visible" library="SeleniumLibrary">
<arg>${logout}</arg>
<doc>Waits until the element ``locator`` is visible.</doc>
<status status="PASS" starttime="20230412 19:07:26.279" endtime="20230412 19:07:26.526"/>
</kw>
<kw name="Click Element" library="SeleniumLibrary">
<arg>${logout}</arg>
<doc>Click the element identified by ``locator``.</doc>
<msg timestamp="20230412 19:07:26.527" level="INFO">Clicking element 'id:logout_sidebar_link'.</msg>
<status status="PASS" starttime="20230412 19:07:26.526" endtime="20230412 19:07:26.582"/>
</kw>
<kw name="Close My Browser" library="swag_login_resource">
<kw name="Close Browser" library="SeleniumLibrary">
<doc>Closes the current browser.</doc>
<status status="PASS" starttime="20230412 19:07:26.582" endtime="20230412 19:07:26.644"/>
</kw>
<status status="PASS" starttime="20230412 19:07:26.582" endtime="20230412 19:07:26.644"/>
</kw>
<status status="PASS" starttime="20230412 19:07:26.241" endtime="20230412 19:07:26.644"/>
</kw>
<doc>User should be able to sort products by names with decending order</doc>
<status status="PASS" starttime="20230412 19:07:23.958" endtime="20230412 19:07:26.644"/>
</test>
<status status="PASS" starttime="20230412 19:07:23.851" endtime="20230412 19:07:26.645"/>
</suite>
<status status="PASS" starttime="20230412 19:07:23.850" endtime="20230412 19:07:26.646"/>
</suite>
<status status="PASS" starttime="20230412 19:07:23.840" endtime="20230412 19:07:26.647"/>
</suite>
<statistics>
<total>
<stat pass="1" fail="0" skip="0">All Tests</stat>
</total>
<tag>
</tag>
<suite>
<stat pass="1" fail="0" skip="0" id="s1" name="Robot-Cip">Robot-Cip</stat>
<stat pass="1" fail="0" skip="0" id="s1-s1" name="TestCases">Robot-Cip.TestCases</stat>
<stat pass="1" fail="0" skip="0" id="s1-s1-s1" name="Swag">Robot-Cip.TestCases.Swag</stat>
</suite>
</statistics>
<errors>
<msg timestamp="20230412 19:07:23.833" level="ERROR">Error in file '/home/saad/PycharmProjects/robot-cip/TestCases/allcart.robot' on line 81: Setting 'Arguments' is not allowed with tests or tasks.</msg>
</errors>
</robot>
